Collecting ellc
  Using cached ellc-1.8.5.tar.gz (13.7 MB)
Requirement already satisfied: numpy>=1.10.0 in /Users/zdebeurs/opt/anaconda3/lib/python3.8/site-packages (from ellc) (1.20.1)
Requirement already satisfied: astropy>=1.1.1 in /Users/zdebeurs/opt/anaconda3/lib/python3.8/site-packages (from ellc) (4.2.1)
Requirement already satisfied: pyerfa in /Users/zdebeurs/opt/anaconda3/lib/python3.8/site-packages (from astropy>=1.1.1->ellc) (1.7.3)
Building wheels for collected packages: ellc
  Building wheel for ellc (setup.py) ... error
  ERROR: Command errored out with exit status 1:
   command: /Users/zdebeurs/opt/anaconda3/bin/python -u -c 'import sys, setuptools, tokenize; sys.argv[0] = '"'"'/private/var/folders/rn/06tzsshx6h542jl02_xd33t80000gn/T/pip-install-3ca8yt7n/ellc_7543cce744f940f2acaf2f7e562295f2/setup.py'"'"'; __file__='"'"'/private/var/folders/rn/06tzsshx6h542jl02_xd33t80000gn/T/pip-install-3ca8yt7n/ellc_7543cce744f940f2acaf2f7e562295f2/setup.py'"'"';f=getattr(tokenize, '"'"'open'"'"', open)(__file__);code=f.read().replace('"'"'\r\n'"'"', '"'"'\n'"'"');f.close();exec(compile(code, __file__, '"'"'exec'"'"'))' bdist_wheel -d /private/var/folders/rn/06tzsshx6h542jl02_xd33t80000gn/T/pip-wheel-h2kj56vr
       cwd: /private/var/folders/rn/06tzsshx6h542jl02_xd33t80000gn/T/pip-install-3ca8yt7n/ellc_7543cce744f940f2acaf2f7e562295f2/
  Complete output (337 lines):
  running bdist_wheel
  running build
  running config_cc
  unifing config_cc, config, build_clib, build_ext, build commands --compiler options
  running config_fc
  unifing config_fc, config, build_clib, build_ext, build commands --fcompiler options
  running build_src
  build_src
  building extension "ellc.ellc_f" sources
  f2py options: []
    adding 'build/src.macosx-10.9-x86_64-3.8/build/src.macosx-10.9-x86_64-3.8/fortranobject.c' to sources.
    adding 'build/src.macosx-10.9-x86_64-3.8/build/src.macosx-10.9-x86_64-3.8' to include_dirs.
    adding 'build/src.macosx-10.9-x86_64-3.8/ellc_f-f2pywrappers2.f90' to sources.
  building data_files sources
  build_src: building npy-pkg config files
  running build_py
  creating build/lib.macosx-10.9-x86_64-3.8
  creating build/lib.macosx-10.9-x86_64-3.8/ellc
  copying ./version.py -> build/lib.macosx-10.9-x86_64-3.8/ellc
  copying ./ldy.py -> build/lib.macosx-10.9-x86_64-3.8/ellc
  copying ./__init__.py -> build/lib.macosx-10.9-x86_64-3.8/ellc
  copying ./fluxes.py -> build/lib.macosx-10.9-x86_64-3.8/ellc
  copying ./rv.py -> build/lib.macosx-10.9-x86_64-3.8/ellc
  copying ./lc.py -> build/lib.macosx-10.9-x86_64-3.8/ellc
  running build_ext
  customize UnixCCompiler
  customize UnixCCompiler using build_ext
  CCompilerOpt.cc_test_flags[999] : testing flags (-march=native)
  C compiler: gcc -Wno-unused-result -Wsign-compare -Wunreachable-code -DNDEBUG -g -fwrapv -O3 -Wall -Wstrict-prototypes -I/Users/zdebeurs/opt/anaconda3/include -arch x86_64 -I/Users/zdebeurs/opt/anaconda3/include -arch x86_64
  
  creating /var/folders/rn/06tzsshx6h542jl02_xd33t80000gn/T/tmp4accku51/Users
  creating /var/folders/rn/06tzsshx6h542jl02_xd33t80000gn/T/tmp4accku51/Users/zdebeurs
  creating /var/folders/rn/06tzsshx6h542jl02_xd33t80000gn/T/tmp4accku51/Users/zdebeurs/opt
  creating /var/folders/rn/06tzsshx6h542jl02_xd33t80000gn/T/tmp4accku51/Users/zdebeurs/opt/anaconda3
  creating /var/folders/rn/06tzsshx6h542jl02_xd33t80000gn/T/tmp4accku51/Users/zdebeurs/opt/anaconda3/lib
  creating /var/folders/rn/06tzsshx6h542jl02_xd33t80000gn/T/tmp4accku51/Users/zdebeurs/opt/anaconda3/lib/python3.8
  creating /var/folders/rn/06tzsshx6h542jl02_xd33t80000gn/T/tmp4accku51/Users/zdebeurs/opt/anaconda3/lib/python3.8/site-packages
  creating /var/folders/rn/06tzsshx6h542jl02_xd33t80000gn/T/tmp4accku51/Users/zdebeurs/opt/anaconda3/lib/python3.8/site-packages/numpy
  creating /var/folders/rn/06tzsshx6h542jl02_xd33t80000gn/T/tmp4accku51/Users/zdebeurs/opt/anaconda3/lib/python3.8/site-packages/numpy/distutils
  creating /var/folders/rn/06tzsshx6h542jl02_xd33t80000gn/T/tmp4accku51/Users/zdebeurs/opt/anaconda3/lib/python3.8/site-packages/numpy/distutils/checks
  compile options: '-I/Users/zdebeurs/opt/anaconda3/include/python3.8 -c'
  extra options: '-march=native'
  CCompilerOpt.cc_test_flags[999] : testing flags (-O3)
  C compiler: gcc -Wno-unused-result -Wsign-compare -Wunreachable-code -DNDEBUG -g -fwrapv -O3 -Wall -Wstrict-prototypes -I/Users/zdebeurs/opt/anaconda3/include -arch x86_64 -I/Users/zdebeurs/opt/anaconda3/include -arch x86_64
  
  compile options: '-I/Users/zdebeurs/opt/anaconda3/include/python3.8 -c'
  extra options: '-O3'
  CCompilerOpt.cc_test_flags[999] : testing flags (-Werror)
  C compiler: gcc -Wno-unused-result -Wsign-compare -Wunreachable-code -DNDEBUG -g -fwrapv -O3 -Wall -Wstrict-prototypes -I/Users/zdebeurs/opt/anaconda3/include -arch x86_64 -I/Users/zdebeurs/opt/anaconda3/include -arch x86_64
  
  compile options: '-I/Users/zdebeurs/opt/anaconda3/include/python3.8 -c'
  extra options: '-Werror'
  CCompilerOpt.__init__[1674] : check requested baseline
  CCompilerOpt.cc_test_flags[999] : testing flags (-msse)
  C compiler: gcc -Wno-unused-result -Wsign-compare -Wunreachable-code -DNDEBUG -g -fwrapv -O3 -Wall -Wstrict-prototypes -I/Users/zdebeurs/opt/anaconda3/include -arch x86_64 -I/Users/zdebeurs/opt/anaconda3/include -arch x86_64
  
  compile options: '-I/Users/zdebeurs/opt/anaconda3/include/python3.8 -c'
  extra options: '-msse'
  CCompilerOpt.cc_test_flags[999] : testing flags (-msse2)
  C compiler: gcc -Wno-unused-result -Wsign-compare -Wunreachable-code -DNDEBUG -g -fwrapv -O3 -Wall -Wstrict-prototypes -I/Users/zdebeurs/opt/anaconda3/include -arch x86_64 -I/Users/zdebeurs/opt/anaconda3/include -arch x86_64
  
  compile options: '-I/Users/zdebeurs/opt/anaconda3/include/python3.8 -c'
  extra options: '-msse2'
  CCompilerOpt.feature_test[1444] : testing feature 'SSE2' with flags (-msse -msse2)
  C compiler: gcc -Wno-unused-result -Wsign-compare -Wunreachable-code -DNDEBUG -g -fwrapv -O3 -Wall -Wstrict-prototypes -I/Users/zdebeurs/opt/anaconda3/include -arch x86_64 -I/Users/zdebeurs/opt/anaconda3/include -arch x86_64
  
  compile options: '-I/Users/zdebeurs/opt/anaconda3/include/python3.8 -c'
  extra options: '-msse -msse2 -Werror'
  CCompilerOpt.feature_test[1444] : testing feature 'SSE' with flags (-msse -msse2)
  C compiler: gcc -Wno-unused-result -Wsign-compare -Wunreachable-code -DNDEBUG -g -fwrapv -O3 -Wall -Wstrict-prototypes -I/Users/zdebeurs/opt/anaconda3/include -arch x86_64 -I/Users/zdebeurs/opt/anaconda3/include -arch x86_64
  
  compile options: '-I/Users/zdebeurs/opt/anaconda3/include/python3.8 -c'
  extra options: '-msse -msse2 -Werror'
  CCompilerOpt.cc_test_flags[999] : testing flags (-msse3)
  C compiler: gcc -Wno-unused-result -Wsign-compare -Wunreachable-code -DNDEBUG -g -fwrapv -O3 -Wall -Wstrict-prototypes -I/Users/zdebeurs/opt/anaconda3/include -arch x86_64 -I/Users/zdebeurs/opt/anaconda3/include -arch x86_64
  
  compile options: '-I/Users/zdebeurs/opt/anaconda3/include/python3.8 -c'
  extra options: '-msse3'
  CCompilerOpt.feature_test[1444] : testing feature 'SSE3' with flags (-msse -msse2 -msse3)
  C compiler: gcc -Wno-unused-result -Wsign-compare -Wunreachable-code -DNDEBUG -g -fwrapv -O3 -Wall -Wstrict-prototypes -I/Users/zdebeurs/opt/anaconda3/include -arch x86_64 -I/Users/zdebeurs/opt/anaconda3/include -arch x86_64
  
  compile options: '-I/Users/zdebeurs/opt/anaconda3/include/python3.8 -c'
  extra options: '-msse -msse2 -msse3 -Werror'
  CCompilerOpt.__init__[1683] : check requested dispatch-able features
  CCompilerOpt.cc_test_flags[999] : testing flags (-mssse3)
  C compiler: gcc -Wno-unused-result -Wsign-compare -Wunreachable-code -DNDEBUG -g -fwrapv -O3 -Wall -Wstrict-prototypes -I/Users/zdebeurs/opt/anaconda3/include -arch x86_64 -I/Users/zdebeurs/opt/anaconda3/include -arch x86_64
  
  compile options: '-I/Users/zdebeurs/opt/anaconda3/include/python3.8 -c'
  extra options: '-mssse3'
  CCompilerOpt.feature_test[1444] : testing feature 'SSSE3' with flags (-msse -msse2 -msse3 -mssse3)
  C compiler: gcc -Wno-unused-result -Wsign-compare -Wunreachable-code -DNDEBUG -g -fwrapv -O3 -Wall -Wstrict-prototypes -I/Users/zdebeurs/opt/anaconda3/include -arch x86_64 -I/Users/zdebeurs/opt/anaconda3/include -arch x86_64
  
  compile options: '-I/Users/zdebeurs/opt/anaconda3/include/python3.8 -c'
  extra options: '-msse -msse2 -msse3 -mssse3 -Werror'
  CCompilerOpt.cc_test_flags[999] : testing flags (-msse4.1)
  C compiler: gcc -Wno-unused-result -Wsign-compare -Wunreachable-code -DNDEBUG -g -fwrapv -O3 -Wall -Wstrict-prototypes -I/Users/zdebeurs/opt/anaconda3/include -arch x86_64 -I/Users/zdebeurs/opt/anaconda3/include -arch x86_64
  
  compile options: '-I/Users/zdebeurs/opt/anaconda3/include/python3.8 -c'
  extra options: '-msse4.1'
  CCompilerOpt.feature_test[1444] : testing feature 'SSE41' with flags (-msse -msse2 -msse3 -mssse3 -msse4.1)
  C compiler: gcc -Wno-unused-result -Wsign-compare -Wunreachable-code -DNDEBUG -g -fwrapv -O3 -Wall -Wstrict-prototypes -I/Users/zdebeurs/opt/anaconda3/include -arch x86_64 -I/Users/zdebeurs/opt/anaconda3/include -arch x86_64
  
  compile options: '-I/Users/zdebeurs/opt/anaconda3/include/python3.8 -c'
  extra options: '-msse -msse2 -msse3 -mssse3 -msse4.1 -Werror'
  CCompilerOpt.cc_test_flags[999] : testing flags (-mpopcnt)
  C compiler: gcc -Wno-unused-result -Wsign-compare -Wunreachable-code -DNDEBUG -g -fwrapv -O3 -Wall -Wstrict-prototypes -I/Users/zdebeurs/opt/anaconda3/include -arch x86_64 -I/Users/zdebeurs/opt/anaconda3/include -arch x86_64
  
  compile options: '-I/Users/zdebeurs/opt/anaconda3/include/python3.8 -c'
  extra options: '-mpopcnt'
  CCompilerOpt.cc_test_flags[999] : testing flags (-msse4.2)
  C compiler: gcc -Wno-unused-result -Wsign-compare -Wunreachable-code -DNDEBUG -g -fwrapv -O3 -Wall -Wstrict-prototypes -I/Users/zdebeurs/opt/anaconda3/include -arch x86_64 -I/Users/zdebeurs/opt/anaconda3/include -arch x86_64
  
  compile options: '-I/Users/zdebeurs/opt/anaconda3/include/python3.8 -c'
  extra options: '-msse4.2'
  CCompilerOpt.cc_test_flags[999] : testing flags (-mavx)
  C compiler: gcc -Wno-unused-result -Wsign-compare -Wunreachable-code -DNDEBUG -g -fwrapv -O3 -Wall -Wstrict-prototypes -I/Users/zdebeurs/opt/anaconda3/include -arch x86_64 -I/Users/zdebeurs/opt/anaconda3/include -arch x86_64
  
  compile options: '-I/Users/zdebeurs/opt/anaconda3/include/python3.8 -c'
  extra options: '-mavx'
  CCompilerOpt.cc_test_flags[999] : testing flags (-mf16c)
  C compiler: gcc -Wno-unused-result -Wsign-compare -Wunreachable-code -DNDEBUG -g -fwrapv -O3 -Wall -Wstrict-prototypes -I/Users/zdebeurs/opt/anaconda3/include -arch x86_64 -I/Users/zdebeurs/opt/anaconda3/include -arch x86_64
  
  compile options: '-I/Users/zdebeurs/opt/anaconda3/include/python3.8 -c'
  extra options: '-mf16c'
  CCompilerOpt.cc_test_flags[999] : testing flags (-mfma)
  C compiler: gcc -Wno-unused-result -Wsign-compare -Wunreachable-code -DNDEBUG -g -fwrapv -O3 -Wall -Wstrict-prototypes -I/Users/zdebeurs/opt/anaconda3/include -arch x86_64 -I/Users/zdebeurs/opt/anaconda3/include -arch x86_64
  
  compile options: '-I/Users/zdebeurs/opt/anaconda3/include/python3.8 -c'
  extra options: '-mfma'
  CCompilerOpt.cc_test_flags[999] : testing flags (-mavx2)
  C compiler: gcc -Wno-unused-result -Wsign-compare -Wunreachable-code -DNDEBUG -g -fwrapv -O3 -Wall -Wstrict-prototypes -I/Users/zdebeurs/opt/anaconda3/include -arch x86_64 -I/Users/zdebeurs/opt/anaconda3/include -arch x86_64
  
  compile options: '-I/Users/zdebeurs/opt/anaconda3/include/python3.8 -c'
  extra options: '-mavx2'
  CCompilerOpt.cc_test_flags[999] : testing flags (-mavx512f)
  C compiler: gcc -Wno-unused-result -Wsign-compare -Wunreachable-code -DNDEBUG -g -fwrapv -O3 -Wall -Wstrict-prototypes -I/Users/zdebeurs/opt/anaconda3/include -arch x86_64 -I/Users/zdebeurs/opt/anaconda3/include -arch x86_64
  
  compile options: '-I/Users/zdebeurs/opt/anaconda3/include/python3.8 -c'
  extra options: '-mavx512f'
  CCompilerOpt.cc_test_flags[999] : testing flags (-mavx512cd)
  C compiler: gcc -Wno-unused-result -Wsign-compare -Wunreachable-code -DNDEBUG -g -fwrapv -O3 -Wall -Wstrict-prototypes -I/Users/zdebeurs/opt/anaconda3/include -arch x86_64 -I/Users/zdebeurs/opt/anaconda3/include -arch x86_64
  
  compile options: '-I/Users/zdebeurs/opt/anaconda3/include/python3.8 -c'
  extra options: '-mavx512cd'
  CCompilerOpt.feature_test[1444] : testing feature 'AVX512CD' with flags (-msse -msse2 -msse3 -mssse3 -msse4.1 -mpopcnt -msse4.2 -mavx -mf16c -mfma -mavx2 -mavx512f -mavx512cd)
  C compiler: gcc -Wno-unused-result -Wsign-compare -Wunreachable-code -DNDEBUG -g -fwrapv -O3 -Wall -Wstrict-prototypes -I/Users/zdebeurs/opt/anaconda3/include -arch x86_64 -I/Users/zdebeurs/opt/anaconda3/include -arch x86_64
  
  compile options: '-I/Users/zdebeurs/opt/anaconda3/include/python3.8 -c'
  extra options: '-msse -msse2 -msse3 -mssse3 -msse4.1 -mpopcnt -msse4.2 -mavx -mf16c -mfma -mavx2 -mavx512f -mavx512cd -Werror'
  CCompilerOpt.feature_test[1444] : testing feature 'AVX' with flags (-msse -msse2 -msse3 -mssse3 -msse4.1 -mpopcnt -msse4.2 -mavx)
  C compiler: gcc -Wno-unused-result -Wsign-compare -Wunreachable-code -DNDEBUG -g -fwrapv -O3 -Wall -Wstrict-prototypes -I/Users/zdebeurs/opt/anaconda3/include -arch x86_64 -I/Users/zdebeurs/opt/anaconda3/include -arch x86_64
  
  compile options: '-I/Users/zdebeurs/opt/anaconda3/include/python3.8 -c'
  extra options: '-msse -msse2 -msse3 -mssse3 -msse4.1 -mpopcnt -msse4.2 -mavx -Werror'
  CCompilerOpt.feature_test[1444] : testing feature 'FMA3' with flags (-msse -msse2 -msse3 -mssse3 -msse4.1 -mpopcnt -msse4.2 -mavx -mf16c -mfma)
  C compiler: gcc -Wno-unused-result -Wsign-compare -Wunreachable-code -DNDEBUG -g -fwrapv -O3 -Wall -Wstrict-prototypes -I/Users/zdebeurs/opt/anaconda3/include -arch x86_64 -I/Users/zdebeurs/opt/anaconda3/include -arch x86_64
  
  compile options: '-I/Users/zdebeurs/opt/anaconda3/include/python3.8 -c'
  extra options: '-msse -msse2 -msse3 -mssse3 -msse4.1 -mpopcnt -msse4.2 -mavx -mf16c -mfma -Werror'
  CCompilerOpt.feature_test[1444] : testing feature 'POPCNT' with flags (-msse -msse2 -msse3 -mssse3 -msse4.1 -mpopcnt)
  C compiler: gcc -Wno-unused-result -Wsign-compare -Wunreachable-code -DNDEBUG -g -fwrapv -O3 -Wall -Wstrict-prototypes -I/Users/zdebeurs/opt/anaconda3/include -arch x86_64 -I/Users/zdebeurs/opt/anaconda3/include -arch x86_64
  
  compile options: '-I/Users/zdebeurs/opt/anaconda3/include/python3.8 -c'
  extra options: '-msse -msse2 -msse3 -mssse3 -msse4.1 -mpopcnt -Werror'
  CCompilerOpt.feature_test[1444] : testing feature 'AVX512F' with flags (-msse -msse2 -msse3 -mssse3 -msse4.1 -mpopcnt -msse4.2 -mavx -mf16c -mfma -mavx2 -mavx512f)
  C compiler: gcc -Wno-unused-result -Wsign-compare -Wunreachable-code -DNDEBUG -g -fwrapv -O3 -Wall -Wstrict-prototypes -I/Users/zdebeurs/opt/anaconda3/include -arch x86_64 -I/Users/zdebeurs/opt/anaconda3/include -arch x86_64
  
  compile options: '-I/Users/zdebeurs/opt/anaconda3/include/python3.8 -c'
  extra options: '-msse -msse2 -msse3 -mssse3 -msse4.1 -mpopcnt -msse4.2 -mavx -mf16c -mfma -mavx2 -mavx512f -Werror'
  CCompilerOpt.feature_test[1444] : testing feature 'SSE42' with flags (-msse -msse2 -msse3 -mssse3 -msse4.1 -mpopcnt -msse4.2)
  C compiler: gcc -Wno-unused-result -Wsign-compare -Wunreachable-code -DNDEBUG -g -fwrapv -O3 -Wall -Wstrict-prototypes -I/Users/zdebeurs/opt/anaconda3/include -arch x86_64 -I/Users/zdebeurs/opt/anaconda3/include -arch x86_64
  
  compile options: '-I/Users/zdebeurs/opt/anaconda3/include/python3.8 -c'
  extra options: '-msse -msse2 -msse3 -mssse3 -msse4.1 -mpopcnt -msse4.2 -Werror'
  CCompilerOpt.feature_test[1444] : testing feature 'AVX2' with flags (-msse -msse2 -msse3 -mssse3 -msse4.1 -mpopcnt -msse4.2 -mavx -mf16c -mavx2)
  C compiler: gcc -Wno-unused-result -Wsign-compare -Wunreachable-code -DNDEBUG -g -fwrapv -O3 -Wall -Wstrict-prototypes -I/Users/zdebeurs/opt/anaconda3/include -arch x86_64 -I/Users/zdebeurs/opt/anaconda3/include -arch x86_64
  
  compile options: '-I/Users/zdebeurs/opt/anaconda3/include/python3.8 -c'
  extra options: '-msse -msse2 -msse3 -mssse3 -msse4.1 -mpopcnt -msse4.2 -mavx -mf16c -mavx2 -Werror'
  CCompilerOpt.feature_test[1444] : testing feature 'F16C' with flags (-msse -msse2 -msse3 -mssse3 -msse4.1 -mpopcnt -msse4.2 -mavx -mf16c)
  C compiler: gcc -Wno-unused-result -Wsign-compare -Wunreachable-code -DNDEBUG -g -fwrapv -O3 -Wall -Wstrict-prototypes -I/Users/zdebeurs/opt/anaconda3/include -arch x86_64 -I/Users/zdebeurs/opt/anaconda3/include -arch x86_64
  
  compile options: '-I/Users/zdebeurs/opt/anaconda3/include/python3.8 -c'
  extra options: '-msse -msse2 -msse3 -mssse3 -msse4.1 -mpopcnt -msse4.2 -mavx -mf16c -Werror'
  CCompilerOpt.cc_test_flags[999] : testing flags (-mavx512er -mavx512pf)
  C compiler: gcc -Wno-unused-result -Wsign-compare -Wunreachable-code -DNDEBUG -g -fwrapv -O3 -Wall -Wstrict-prototypes -I/Users/zdebeurs/opt/anaconda3/include -arch x86_64 -I/Users/zdebeurs/opt/anaconda3/include -arch x86_64
  
  compile options: '-I/Users/zdebeurs/opt/anaconda3/include/python3.8 -c'
  extra options: '-mavx512er -mavx512pf'
  CCompilerOpt.feature_test[1444] : testing feature 'AVX512_KNL' with flags (-msse -msse2 -msse3 -mssse3 -msse4.1 -mpopcnt -msse4.2 -mavx -mf16c -mfma -mavx2 -mavx512f -mavx512cd -mavx512er -mavx512pf)
  C compiler: gcc -Wno-unused-result -Wsign-compare -Wunreachable-code -DNDEBUG -g -fwrapv -O3 -Wall -Wstrict-prototypes -I/Users/zdebeurs/opt/anaconda3/include -arch x86_64 -I/Users/zdebeurs/opt/anaconda3/include -arch x86_64
  
  compile options: '-I/Users/zdebeurs/opt/anaconda3/include/python3.8 -c'
  extra options: '-msse -msse2 -msse3 -mssse3 -msse4.1 -mpopcnt -msse4.2 -mavx -mf16c -mfma -mavx2 -mavx512f -mavx512cd -mavx512er -mavx512pf -Werror'
  CCompilerOpt.cc_test_flags[999] : testing flags (-mavx512vl -mavx512bw -mavx512dq)
  C compiler: gcc -Wno-unused-result -Wsign-compare -Wunreachable-code -DNDEBUG -g -fwrapv -O3 -Wall -Wstrict-prototypes -I/Users/zdebeurs/opt/anaconda3/include -arch x86_64 -I/Users/zdebeurs/opt/anaconda3/include -arch x86_64
  
  compile options: '-I/Users/zdebeurs/opt/anaconda3/include/python3.8 -c'
  extra options: '-mavx512vl -mavx512bw -mavx512dq'
  CCompilerOpt.cc_test_flags[999] : testing flags (-mavx512ifma -mavx512vbmi)
  C compiler: gcc -Wno-unused-result -Wsign-compare -Wunreachable-code -DNDEBUG -g -fwrapv -O3 -Wall -Wstrict-prototypes -I/Users/zdebeurs/opt/anaconda3/include -arch x86_64 -I/Users/zdebeurs/opt/anaconda3/include -arch x86_64
  
  compile options: '-I/Users/zdebeurs/opt/anaconda3/include/python3.8 -c'
  extra options: '-mavx512ifma -mavx512vbmi'
  CCompilerOpt.feature_test[1444] : testing feature 'AVX512_CNL' with flags (-msse -msse2 -msse3 -mssse3 -msse4.1 -mpopcnt -msse4.2 -mavx -mf16c -mfma -mavx2 -mavx512f -mavx512cd -mavx512vl -mavx512bw -mavx512dq -mavx512ifma -mavx512vbmi)
  C compiler: gcc -Wno-unused-result -Wsign-compare -Wunreachable-code -DNDEBUG -g -fwrapv -O3 -Wall -Wstrict-prototypes -I/Users/zdebeurs/opt/anaconda3/include -arch x86_64 -I/Users/zdebeurs/opt/anaconda3/include -arch x86_64
  
  compile options: '-I/Users/zdebeurs/opt/anaconda3/include/python3.8 -c'
  extra options: '-msse -msse2 -msse3 -mssse3 -msse4.1 -mpopcnt -msse4.2 -mavx -mf16c -mfma -mavx2 -mavx512f -mavx512cd -mavx512vl -mavx512bw -mavx512dq -mavx512ifma -mavx512vbmi -Werror'
  CCompilerOpt.feature_test[1444] : testing feature 'AVX512_SKX' with flags (-msse -msse2 -msse3 -mssse3 -msse4.1 -mpopcnt -msse4.2 -mavx -mf16c -mfma -mavx2 -mavx512f -mavx512cd -mavx512vl -mavx512bw -mavx512dq)
  C compiler: gcc -Wno-unused-result -Wsign-compare -Wunreachable-code -DNDEBUG -g -fwrapv -O3 -Wall -Wstrict-prototypes -I/Users/zdebeurs/opt/anaconda3/include -arch x86_64 -I/Users/zdebeurs/opt/anaconda3/include -arch x86_64
  
  compile options: '-I/Users/zdebeurs/opt/anaconda3/include/python3.8 -c'
  extra options: '-msse -msse2 -msse3 -mssse3 -msse4.1 -mpopcnt -msse4.2 -mavx -mf16c -mfma -mavx2 -mavx512f -mavx512cd -mavx512vl -mavx512bw -mavx512dq -Werror'
  CCompilerOpt.cc_test_flags[999] : testing flags (-mavx512vnni)
  C compiler: gcc -Wno-unused-result -Wsign-compare -Wunreachable-code -DNDEBUG -g -fwrapv -O3 -Wall -Wstrict-prototypes -I/Users/zdebeurs/opt/anaconda3/include -arch x86_64 -I/Users/zdebeurs/opt/anaconda3/include -arch x86_64
  
  compile options: '-I/Users/zdebeurs/opt/anaconda3/include/python3.8 -c'
  extra options: '-mavx512vnni'
  CCompilerOpt.feature_test[1444] : testing feature 'AVX512_CLX' with flags (-msse -msse2 -msse3 -mssse3 -msse4.1 -mpopcnt -msse4.2 -mavx -mf16c -mfma -mavx2 -mavx512f -mavx512cd -mavx512vl -mavx512bw -mavx512dq -mavx512vnni)
  C compiler: gcc -Wno-unused-result -Wsign-compare -Wunreachable-code -DNDEBUG -g -fwrapv -O3 -Wall -Wstrict-prototypes -I/Users/zdebeurs/opt/anaconda3/include -arch x86_64 -I/Users/zdebeurs/opt/anaconda3/include -arch x86_64
  
  compile options: '-I/Users/zdebeurs/opt/anaconda3/include/python3.8 -c'
  extra options: '-msse -msse2 -msse3 -mssse3 -msse4.1 -mpopcnt -msse4.2 -mavx -mf16c -mfma -mavx2 -mavx512f -mavx512cd -mavx512vl -mavx512bw -mavx512dq -mavx512vnni -Werror'
  CCompilerOpt.cc_test_flags[999] : testing flags (-mavx512vbmi2 -mavx512bitalg -mavx512vpopcntdq)
  C compiler: gcc -Wno-unused-result -Wsign-compare -Wunreachable-code -DNDEBUG -g -fwrapv -O3 -Wall -Wstrict-prototypes -I/Users/zdebeurs/opt/anaconda3/include -arch x86_64 -I/Users/zdebeurs/opt/anaconda3/include -arch x86_64
  
  compile options: '-I/Users/zdebeurs/opt/anaconda3/include/python3.8 -c'
  extra options: '-mavx512vbmi2 -mavx512bitalg -mavx512vpopcntdq'
  CCompilerOpt.feature_test[1444] : testing feature 'AVX512_ICL' with flags (-msse -msse2 -msse3 -mssse3 -msse4.1 -mpopcnt -msse4.2 -mavx -mf16c -mfma -mavx2 -mavx512f -mavx512cd -mavx512vl -mavx512bw -mavx512dq -mavx512vnni -mavx512ifma -mavx512vbmi -mavx512vbmi2 -mavx512bitalg -mavx512vpopcntdq)
  C compiler: gcc -Wno-unused-result -Wsign-compare -Wunreachable-code -DNDEBUG -g -fwrapv -O3 -Wall -Wstrict-prototypes -I/Users/zdebeurs/opt/anaconda3/include -arch x86_64 -I/Users/zdebeurs/opt/anaconda3/include -arch x86_64
  
  compile options: '-I/Users/zdebeurs/opt/anaconda3/include/python3.8 -c'
  extra options: '-msse -msse2 -msse3 -mssse3 -msse4.1 -mpopcnt -msse4.2 -mavx -mf16c -mfma -mavx2 -mavx512f -mavx512cd -mavx512vl -mavx512bw -mavx512dq -mavx512vnni -mavx512ifma -mavx512vbmi -mavx512vbmi2 -mavx512bitalg -mavx512vpopcntdq -Werror'
  CCompilerOpt.cc_test_flags[999] : testing flags (-mavx5124fmaps -mavx5124vnniw -mavx512vpopcntdq)
  C compiler: gcc -Wno-unused-result -Wsign-compare -Wunreachable-code -DNDEBUG -g -fwrapv -O3 -Wall -Wstrict-prototypes -I/Users/zdebeurs/opt/anaconda3/include -arch x86_64 -I/Users/zdebeurs/opt/anaconda3/include -arch x86_64
  
  compile options: '-I/Users/zdebeurs/opt/anaconda3/include/python3.8 -c'
  extra options: '-mavx5124fmaps -mavx5124vnniw -mavx512vpopcntdq'
  CCompilerOpt.dist_test[576] : CCompilerOpt._dist_test_spawn[711] : Command (gcc -Wno-unused-result -Wsign-compare -Wunreachable-code -DNDEBUG -g -fwrapv -O3 -Wall -Wstrict-prototypes -I/Users/zdebeurs/opt/anaconda3/include -arch x86_64 -I/Users/zdebeurs/opt/anaconda3/include -arch x86_64 -I/Users/zdebeurs/opt/anaconda3/include/python3.8 -c /Users/zdebeurs/opt/anaconda3/lib/python3.8/site-packages/numpy/distutils/checks/test_flags.c -o /var/folders/rn/06tzsshx6h542jl02_xd33t80000gn/T/tmp4accku51/Users/zdebeurs/opt/anaconda3/lib/python3.8/site-packages/numpy/distutils/checks/test_flags.o -MMD -MF /var/folders/rn/06tzsshx6h542jl02_xd33t80000gn/T/tmp4accku51/Users/zdebeurs/opt/anaconda3/lib/python3.8/site-packages/numpy/distutils/checks/test_flags.o.d -mavx5124fmaps -mavx5124vnniw -mavx512vpopcntdq) failed with exit status 1 output ->
  clang: error: unknown argument: '-mavx5124fmaps'
  clang: error: unknown argument: '-mavx5124vnniw'
  
  CCompilerOpt.cc_test_flags[1003] : testing failed
  CCompilerOpt.feature_test[1444] : testing feature 'AVX512_KNM' with flags (-msse -msse2 -msse3 -mssse3 -msse4.1 -mpopcnt -msse4.2 -mavx -mf16c -mfma -mavx2 -mavx512f -mavx512cd -mavx512er -mavx512pf)
  C compiler: gcc -Wno-unused-result -Wsign-compare -Wunreachable-code -DNDEBUG -g -fwrapv -O3 -Wall -Wstrict-prototypes -I/Users/zdebeurs/opt/anaconda3/include -arch x86_64 -I/Users/zdebeurs/opt/anaconda3/include -arch x86_64
  
  compile options: '-I/Users/zdebeurs/opt/anaconda3/include/python3.8 -c'
  extra options: '-msse -msse2 -msse3 -mssse3 -msse4.1 -mpopcnt -msse4.2 -mavx -mf16c -mfma -mavx2 -mavx512f -mavx512cd -mavx512er -mavx512pf -Werror'
  CCompilerOpt.dist_test[576] : CCompilerOpt._dist_test_spawn[711] : Command (gcc -Wno-unused-result -Wsign-compare -Wunreachable-code -DNDEBUG -g -fwrapv -O3 -Wall -Wstrict-prototypes -I/Users/zdebeurs/opt/anaconda3/include -arch x86_64 -I/Users/zdebeurs/opt/anaconda3/include -arch x86_64 -I/Users/zdebeurs/opt/anaconda3/include/python3.8 -c /Users/zdebeurs/opt/anaconda3/lib/python3.8/site-packages/numpy/distutils/checks/cpu_avx512_knm.c -o /var/folders/rn/06tzsshx6h542jl02_xd33t80000gn/T/tmp4accku51/Users/zdebeurs/opt/anaconda3/lib/python3.8/site-packages/numpy/distutils/checks/cpu_avx512_knm.o -MMD -MF /var/folders/rn/06tzsshx6h542jl02_xd33t80000gn/T/tmp4accku51/Users/zdebeurs/opt/anaconda3/lib/python3.8/site-packages/numpy/distutils/checks/cpu_avx512_knm.o.d -msse -msse2 -msse3 -mssse3 -msse4.1 -mpopcnt -msse4.2 -mavx -mf16c -mfma -mavx2 -mavx512f -mavx512cd -mavx512er -mavx512pf -Werror) failed with exit status 1 output ->
  /Users/zdebeurs/opt/anaconda3/lib/python3.8/site-packages/numpy/distutils/checks/cpu_avx512_knm.c:9:9: error: implicit declaration of function '_mm512_4fmadd_ps' is invalid in C99 [-Werror,-Wimplicit-function-declaration]
      b = _mm512_4fmadd_ps(b, b, b, b, b, NULL);
          ^
  /Users/zdebeurs/opt/anaconda3/lib/python3.8/site-packages/numpy/distutils/checks/cpu_avx512_knm.c:9:9: note: did you mean '_mm512_fmadd_ps'?
  /Library/Developer/CommandLineTools/usr/lib/clang/12.0.5/include/avx512fintrin.h:2716:1: note: '_mm512_fmadd_ps' declared here
  _mm512_fmadd_ps(__m512 __A, __m512 __B, __m512 __C)
  ^
  /Users/zdebeurs/opt/anaconda3/lib/python3.8/site-packages/numpy/distutils/checks/cpu_avx512_knm.c:9:7: error: assigning to '__m512' (vector of 16 'float' values) from incompatible type 'int'
      b = _mm512_4fmadd_ps(b, b, b, b, b, NULL);
        ^ ~~~~~~~~~~~~~~~~~~~~~~~~~~~~~~~~~~~~~
  /Users/zdebeurs/opt/anaconda3/lib/python3.8/site-packages/numpy/distutils/checks/cpu_avx512_knm.c:11:9: error: implicit declaration of function '_mm512_4dpwssd_epi32' is invalid in C99 [-Werror,-Wimplicit-function-declaration]
      a = _mm512_4dpwssd_epi32(a, a, a, a, a, NULL);
          ^
  /Users/zdebeurs/opt/anaconda3/lib/python3.8/site-packages/numpy/distutils/checks/cpu_avx512_knm.c:11:9: note: did you mean '_mm512_dpwssd_epi32'?
  /Library/Developer/CommandLineTools/usr/lib/clang/12.0.5/include/avx512vnniintrin.h:68:1: note: '_mm512_dpwssd_epi32' declared here
  _mm512_dpwssd_epi32(__m512i __S, __m512i __A, __m512i __B)
  ^
  /Users/zdebeurs/opt/anaconda3/lib/python3.8/site-packages/numpy/distutils/checks/cpu_avx512_knm.c:11:7: error: assigning to '__m512i' (vector of 8 'long long' values) from incompatible type 'int'
      a = _mm512_4dpwssd_epi32(a, a, a, a, a, NULL);
        ^ ~~~~~~~~~~~~~~~~~~~~~~~~~~~~~~~~~~~~~~~~~
  4 errors generated.
  
  CCompilerOpt.feature_test[1458] : testing failed
  CCompilerOpt.__init__[1695] : skip features (SSE3 SSE2 SSE) since its part of baseline
  CCompilerOpt.__init__[1699] : initialize targets groups
  CCompilerOpt.__init__[1701] : parse target group simd_test
  CCompilerOpt._parse_target_tokens[1910] : skip targets (FMA4 XOP NEON VSX VSX2 ASIMD VSX3) not part of baseline or dispatch-able features
  CCompilerOpt._parse_policy_not_keepbase[2022] : skip baseline features (SSE2)
  CCompilerOpt.generate_dispatch_header[2236] : generate CPU dispatch header: (build/src.macosx-10.9-x86_64-3.8/numpy/distutils/include/npy_cpu_dispatch_config.h)
  CCompilerOpt.generate_dispatch_header[2245] : dispatch header dir build/src.macosx-10.9-x86_64-3.8/numpy/distutils/include does not exist, creating it
  CCompilerOpt.feature_extra_checks[1519] : Testing extra checks for feature 'AVX512F' (AVX512F_REDUCE)
  C compiler: gcc -Wno-unused-result -Wsign-compare -Wunreachable-code -DNDEBUG -g -fwrapv -O3 -Wall -Wstrict-prototypes -I/Users/zdebeurs/opt/anaconda3/include -arch x86_64 -I/Users/zdebeurs/opt/anaconda3/include -arch x86_64
  
  compile options: '-I/Users/zdebeurs/opt/anaconda3/include/python3.8 -c'
  extra options: '-msse -msse2 -msse3 -mssse3 -msse4.1 -mpopcnt -msse4.2 -mavx -mf16c -mfma -mavx2 -mavx512f -Werror'
  CCompilerOpt.feature_extra_checks[1519] : Testing extra checks for feature 'AVX512_SKX' (AVX512BW_MASK AVX512DQ_MASK)
  C compiler: gcc -Wno-unused-result -Wsign-compare -Wunreachable-code -DNDEBUG -g -fwrapv -O3 -Wall -Wstrict-prototypes -I/Users/zdebeurs/opt/anaconda3/include -arch x86_64 -I/Users/zdebeurs/opt/anaconda3/include -arch x86_64
  
  compile options: '-I/Users/zdebeurs/opt/anaconda3/include/python3.8 -c'
  extra options: '-msse -msse2 -msse3 -mssse3 -msse4.1 -mpopcnt -msse4.2 -mavx -mf16c -mfma -mavx2 -mavx512f -mavx512cd -mavx512vl -mavx512bw -mavx512dq -Werror'
  C compiler: gcc -Wno-unused-result -Wsign-compare -Wunreachable-code -DNDEBUG -g -fwrapv -O3 -Wall -Wstrict-prototypes -I/Users/zdebeurs/opt/anaconda3/include -arch x86_64 -I/Users/zdebeurs/opt/anaconda3/include -arch x86_64
  
  compile options: '-I/Users/zdebeurs/opt/anaconda3/include/python3.8 -c'
  extra options: '-msse -msse2 -msse3 -mssse3 -msse4.1 -mpopcnt -msse4.2 -mavx -mf16c -mfma -mavx2 -mavx512f -mavx512cd -mavx512vl -mavx512bw -mavx512dq -Werror'
  Detected changes on compiler optimizations, force rebuilding
  get_default_fcompiler: matching types: '['gnu95', 'nag', 'absoft', 'ibm', 'intel', 'gnu', 'g95', 'pg']'
  customize Gnu95FCompiler
  Could not locate executable gfortran
  Could not locate executable f95
  customize NAGFCompiler
  customize AbsoftFCompiler
  Could not locate executable f90
  Could not locate executable f77
  customize IBMFCompiler
  Could not locate executable xlf90
  Could not locate executable xlf
  customize IntelFCompiler
  Could not locate executable ifort
  Could not locate executable ifc
  customize GnuFCompiler
  Could not locate executable g77
  customize G95FCompiler
  Could not locate executable g95
  customize PGroupFCompiler
  Could not locate executable pgfortran
  don't know how to compile Fortran code on platform 'posix'
  warning: build_ext: f77_compiler=None is not available.
  
  building 'ellc.ellc_f' extension
  error: extension 'ellc.ellc_f' has Fortran sources but no Fortran compiler found
  
  ########### EXT COMPILER OPTIMIZATION ###########
  Platform      :
    Architecture: x64
    Compiler    : gcc
  
  CPU baseline  :
    Requested   : 'min'
    Enabled     : SSE SSE2 SSE3
    Flags       : -msse -msse2 -msse3
    Extra checks: none
  
  CPU dispatch  :
    Requested   : 'max -xop -fma4'
    Enabled     : SSSE3 SSE41 POPCNT SSE42 AVX F16C FMA3 AVX2 AVX512F AVX512CD AVX512_KNL AVX512_SKX AVX512_CLX AVX512_CNL AVX512_ICL
    Generated   : none
  CCompilerOpt._cache_write[796] : write cache to path -> /private/var/folders/rn/06tzsshx6h542jl02_xd33t80000gn/T/pip-install-3ca8yt7n/ellc_7543cce744f940f2acaf2f7e562295f2/build/temp.macosx-10.9-x86_64-3.8/ccompiler_opt_cache_ext.py
  ----------------------------------------
  ERROR: Failed building wheel for ellc
  Running setup.py clean for ellc
Failed to build ellc
